mode: atomic
github.com/huberts90/restful-api/internal/handler/user_handler.go:25.76,30.2 1 1
github.com/huberts90/restful-api/internal/handler/user_handler.go:34.58,40.2 5 1
github.com/huberts90/restful-api/internal/handler/user_handler.go:43.74,47.68 2 2
github.com/huberts90/restful-api/internal/handler/user_handler.go:47.68,50.3 2 0
github.com/huberts90/restful-api/internal/handler/user_handler.go:52.2,52.46 1 2
github.com/huberts90/restful-api/internal/handler/user_handler.go:52.46,55.3 2 0
github.com/huberts90/restful-api/internal/handler/user_handler.go:60.2,65.16 4 2
github.com/huberts90/restful-api/internal/handler/user_handler.go:65.16,66.48 1 1
github.com/huberts90/restful-api/internal/handler/user_handler.go:66.48,69.4 2 1
github.com/huberts90/restful-api/internal/handler/user_handler.go:70.3,72.9 3 0
github.com/huberts90/restful-api/internal/handler/user_handler.go:75.2,75.81 1 1
github.com/huberts90/restful-api/internal/handler/user_handler.go:80.71,82.16 2 0
github.com/huberts90/restful-api/internal/handler/user_handler.go:82.16,85.3 2 0
github.com/huberts90/restful-api/internal/handler/user_handler.go:88.2,93.16 4 0
github.com/huberts90/restful-api/internal/handler/user_handler.go:93.16,94.46 1 0
github.com/huberts90/restful-api/internal/handler/user_handler.go:94.46,97.4 2 0
github.com/huberts90/restful-api/internal/handler/user_handler.go:98.3,100.9 3 0
github.com/huberts90/restful-api/internal/handler/user_handler.go:103.2,103.56 1 0
github.com/huberts90/restful-api/internal/handler/user_handler.go:107.74,109.16 2 0
github.com/huberts90/restful-api/internal/handler/user_handler.go:109.16,112.3 2 0
github.com/huberts90/restful-api/internal/handler/user_handler.go:115.2,116.68 2 0
github.com/huberts90/restful-api/internal/handler/user_handler.go:116.68,119.3 2 0
github.com/huberts90/restful-api/internal/handler/user_handler.go:121.2,121.46 1 0
github.com/huberts90/restful-api/internal/handler/user_handler.go:121.46,124.3 2 0
github.com/huberts90/restful-api/internal/handler/user_handler.go:127.2,132.16 4 0
github.com/huberts90/restful-api/internal/handler/user_handler.go:132.16,133.46 1 0
github.com/huberts90/restful-api/internal/handler/user_handler.go:133.46,136.4 2 0
github.com/huberts90/restful-api/internal/handler/user_handler.go:137.3,137.48 1 0
github.com/huberts90/restful-api/internal/handler/user_handler.go:137.48,140.4 2 0
github.com/huberts90/restful-api/internal/handler/user_handler.go:142.3,144.9 3 0
github.com/huberts90/restful-api/internal/handler/user_handler.go:147.2,147.41 1 0
github.com/huberts90/restful-api/internal/handler/user_handler.go:151.74,153.16 2 0
github.com/huberts90/restful-api/internal/handler/user_handler.go:153.16,156.3 2 0
github.com/huberts90/restful-api/internal/handler/user_handler.go:159.2,163.52 3 0
github.com/huberts90/restful-api/internal/handler/user_handler.go:163.52,164.46 1 0
github.com/huberts90/restful-api/internal/handler/user_handler.go:164.46,167.4 2 0
github.com/huberts90/restful-api/internal/handler/user_handler.go:168.3,170.9 3 0
github.com/huberts90/restful-api/internal/handler/user_handler.go:173.2,173.37 1 0
github.com/huberts90/restful-api/internal/handler/user_handler.go:178.73,181.29 2 0
github.com/huberts90/restful-api/internal/handler/user_handler.go:181.29,183.3 1 0
github.com/huberts90/restful-api/internal/handler/user_handler.go:185.2,186.51 2 0
github.com/huberts90/restful-api/internal/handler/user_handler.go:186.51,188.3 1 0
github.com/huberts90/restful-api/internal/handler/user_handler.go:191.2,196.16 4 0
github.com/huberts90/restful-api/internal/handler/user_handler.go:196.16,200.3 3 0
github.com/huberts90/restful-api/internal/handler/user_handler.go:203.2,204.28 2 0
github.com/huberts90/restful-api/internal/handler/user_handler.go:204.28,206.3 1 0
github.com/huberts90/restful-api/internal/handler/user_handler.go:209.2,210.20 2 0
github.com/huberts90/restful-api/internal/handler/user_handler.go:210.20,212.3 1 0
github.com/huberts90/restful-api/internal/handler/user_handler.go:214.2,222.47 2 0
github.com/huberts90/restful-api/internal/handler/user_handler.go:226.93,228.16 2 2
github.com/huberts90/restful-api/internal/handler/user_handler.go:228.16,232.3 3 0
github.com/huberts90/restful-api/internal/handler/user_handler.go:234.2,236.44 3 2
github.com/huberts90/restful-api/internal/handler/user_handler.go:236.44,238.3 1 0
github.com/huberts90/restful-api/internal/handler/user_handler.go:243.89,245.2 1 1
github.com/huberts90/restful-api/internal/handler/user_handler.go:249.93,251.2 1 1
github.com/huberts90/restful-api/internal/handler/user_handler.go:255.70,258.27 3 0
github.com/huberts90/restful-api/internal/handler/user_handler.go:258.27,260.3 1 0
github.com/huberts90/restful-api/internal/handler/user_handler.go:261.2,261.16 1 0
