mode: atomic
github.com/huberts90/restful-api/cmd/api/main.go:24.13,30.16 2 0
github.com/huberts90/restful-api/cmd/api/main.go:30.16,32.3 1 0
github.com/huberts90/restful-api/cmd/api/main.go:35.2,36.16 2 0
github.com/huberts90/restful-api/cmd/api/main.go:36.16,38.3 1 0
github.com/huberts90/restful-api/cmd/api/main.go:39.2,43.16 3 0
github.com/huberts90/restful-api/cmd/api/main.go:43.16,45.3 1 0
github.com/huberts90/restful-api/cmd/api/main.go:47.2,58.77 5 0
github.com/huberts90/restful-api/cmd/api/main.go:58.77,60.3 1 0
github.com/huberts90/restful-api/cmd/api/main.go:64.2,80.12 5 0
github.com/huberts90/restful-api/cmd/api/main.go:80.12,82.90 2 0
github.com/huberts90/restful-api/cmd/api/main.go:82.90,84.4 1 0
github.com/huberts90/restful-api/cmd/api/main.go:89.2,99.45 7 0
github.com/huberts90/restful-api/cmd/api/main.go:99.45,101.3 1 0
github.com/huberts90/restful-api/cmd/api/main.go:103.2,103.44 1 0
github.com/huberts90/restful-api/internal/config/config.go:25.36,28.16 2 0
github.com/huberts90/restful-api/internal/config/config.go:28.16,30.3 1 0
github.com/huberts90/restful-api/internal/config/config.go:33.2,35.16 3 0
github.com/huberts90/restful-api/internal/config/config.go:35.16,37.3 1 0
github.com/huberts90/restful-api/internal/config/config.go:38.2,44.16 6 0
github.com/huberts90/restful-api/internal/config/config.go:44.16,46.3 1 0
github.com/huberts90/restful-api/internal/config/config.go:47.2,48.16 2 0
github.com/huberts90/restful-api/internal/config/config.go:48.16,50.3 1 0
github.com/huberts90/restful-api/internal/config/config.go:51.2,52.16 2 0
github.com/huberts90/restful-api/internal/config/config.go:52.16,54.3 1 0
github.com/huberts90/restful-api/internal/config/config.go:55.2,56.16 2 0
github.com/huberts90/restful-api/internal/config/config.go:56.16,58.3 1 0
github.com/huberts90/restful-api/internal/config/config.go:61.2,80.8 2 0
github.com/huberts90/restful-api/internal/config/config.go:84.47,86.13 2 0
github.com/huberts90/restful-api/internal/config/config.go:86.13,88.3 1 0
github.com/huberts90/restful-api/internal/config/config.go:89.2,89.12 1 0
github.com/huberts90/restful-api/internal/config/config.go:93.60,95.18 2 0
github.com/huberts90/restful-api/internal/config/config.go:95.18,97.3 1 0
github.com/huberts90/restful-api/internal/config/config.go:98.2,99.16 2 0
github.com/huberts90/restful-api/internal/config/config.go:99.16,101.3 1 0
github.com/huberts90/restful-api/internal/config/config.go:102.2,102.17 1 0
github.com/huberts90/restful-api/internal/config/config.go:105.84,107.18 2 0
github.com/huberts90/restful-api/internal/config/config.go:107.18,109.3 1 0
github.com/huberts90/restful-api/internal/config/config.go:110.2,111.16 2 0
github.com/huberts90/restful-api/internal/config/config.go:111.16,113.3 1 0
github.com/huberts90/restful-api/internal/config/config.go:114.2,114.17 1 0
github.com/huberts90/restful-api/cmd/migrate/main.go:15.13,28.16 9 0
github.com/huberts90/restful-api/cmd/migrate/main.go:28.16,30.3 1 0
github.com/huberts90/restful-api/cmd/migrate/main.go:33.2,47.16 3 0
github.com/huberts90/restful-api/cmd/migrate/main.go:47.16,49.3 1 0
github.com/huberts90/restful-api/cmd/migrate/main.go:50.2,50.15 1 0
github.com/huberts90/restful-api/cmd/migrate/main.go:50.15,52.20 2 0
github.com/huberts90/restful-api/cmd/migrate/main.go:52.20,54.4 1 0
github.com/huberts90/restful-api/cmd/migrate/main.go:55.3,55.19 1 0
github.com/huberts90/restful-api/cmd/migrate/main.go:55.19,57.4 1 0
github.com/huberts90/restful-api/cmd/migrate/main.go:61.2,64.19 2 0
github.com/huberts90/restful-api/cmd/migrate/main.go:65.12,66.16 1 0
github.com/huberts90/restful-api/cmd/migrate/main.go:66.16,68.4 1 0
github.com/huberts90/restful-api/cmd/migrate/main.go:68.9,70.4 1 0
github.com/huberts90/restful-api/cmd/migrate/main.go:71.14,72.16 1 0
github.com/huberts90/restful-api/cmd/migrate/main.go:72.16,74.4 1 0
github.com/huberts90/restful-api/cmd/migrate/main.go:74.9,76.4 1 0
github.com/huberts90/restful-api/cmd/migrate/main.go:77.10,78.47 1 0
github.com/huberts90/restful-api/cmd/migrate/main.go:82.2,82.56 1 0
github.com/huberts90/restful-api/cmd/migrate/main.go:82.56,84.3 1 0
github.com/huberts90/restful-api/cmd/migrate/main.go:86.2,86.49 1 0
github.com/huberts90/restful-api/cmd/migrate/main.go:93.65,95.2 1 0
github.com/huberts90/restful-api/cmd/migrate/main.go:98.40,100.2 1 0
github.com/huberts90/restful-api/internal/middleware/logging.go:13.63,14.46 1 0
github.com/huberts90/restful-api/internal/middleware/logging.go:14.46,15.72 1 0
github.com/huberts90/restful-api/internal/middleware/logging.go:15.72,37.4 5 0
github.com/huberts90/restful-api/internal/middleware/logging.go:48.61,51.2 2 0
github.com/huberts90/restful-api/internal/logger/logger.go:10.56,13.18 2 0
github.com/huberts90/restful-api/internal/logger/logger.go:13.18,17.3 3 0
github.com/huberts90/restful-api/internal/logger/logger.go:17.8,20.3 2 0
github.com/huberts90/restful-api/internal/logger/logger.go:22.2,22.23 1 0
github.com/huberts90/restful-api/internal/logger/logger.go:27.34,29.2 1 0
github.com/huberts90/restful-api/internal/storage/mocks/mock_Storer.go:21.53,23.2 1 0
github.com/huberts90/restful-api/internal/storage/mocks/mock_Storer.go:26.37,29.19 2 0
github.com/huberts90/restful-api/internal/storage/mocks/mock_Storer.go:29.19,30.47 1 0
github.com/huberts90/restful-api/internal/storage/mocks/mock_Storer.go:33.2,34.45 2 0
github.com/huberts90/restful-api/internal/storage/mocks/mock_Storer.go:34.45,36.3 1 0
github.com/huberts90/restful-api/internal/storage/mocks/mock_Storer.go:36.8,38.3 1 0
github.com/huberts90/restful-api/internal/storage/mocks/mock_Storer.go:40.2,40.11 1 0
github.com/huberts90/restful-api/internal/storage/mocks/mock_Storer.go:49.63,51.2 1 0
github.com/huberts90/restful-api/internal/storage/mocks/mock_Storer.go:53.73,54.40 1 0
github.com/huberts90/restful-api/internal/storage/mocks/mock_Storer.go:54.40,56.3 1 0
github.com/huberts90/restful-api/internal/storage/mocks/mock_Storer.go:57.2,57.11 1 0
github.com/huberts90/restful-api/internal/storage/mocks/mock_Storer.go:60.75,63.2 2 0
github.com/huberts90/restful-api/internal/storage/mocks/mock_Storer.go:65.88,68.2 2 0
github.com/huberts90/restful-api/internal/storage/mocks/mock_Storer.go:71.94,74.19 2 0
github.com/huberts90/restful-api/internal/storage/mocks/mock_Storer.go:74.19,75.52 1 0
github.com/huberts90/restful-api/internal/storage/mocks/mock_Storer.go:78.2,80.88 3 0
github.com/huberts90/restful-api/internal/storage/mocks/mock_Storer.go:80.88,82.3 1 0
github.com/huberts90/restful-api/internal/storage/mocks/mock_Storer.go:83.2,83.79 1 0
github.com/huberts90/restful-api/internal/storage/mocks/mock_Storer.go:83.79,85.3 1 0
github.com/huberts90/restful-api/internal/storage/mocks/mock_Storer.go:85.8,87.3 1 0
github.com/huberts90/restful-api/internal/storage/mocks/mock_Storer.go:89.2,89.79 1 0
github.com/huberts90/restful-api/internal/storage/mocks/mock_Storer.go:89.79,91.3 1 0
github.com/huberts90/restful-api/internal/storage/mocks/mock_Storer.go:91.8,93.3 1 0
github.com/huberts90/restful-api/internal/storage/mocks/mock_Storer.go:95.2,95.15 1 0
github.com/huberts90/restful-api/internal/storage/mocks/mock_Storer.go:106.106,108.2 1 0
github.com/huberts90/restful-api/internal/storage/mocks/mock_Storer.go:110.126,111.40 1 0
github.com/huberts90/restful-api/internal/storage/mocks/mock_Storer.go:111.40,113.3 1 0
github.com/huberts90/restful-api/internal/storage/mocks/mock_Storer.go:114.2,114.11 1 0
github.com/huberts90/restful-api/internal/storage/mocks/mock_Storer.go:117.96,120.2 2 0
github.com/huberts90/restful-api/internal/storage/mocks/mock_Storer.go:122.141,125.2 2 0
github.com/huberts90/restful-api/internal/storage/mocks/mock_Storer.go:128.71,131.19 2 0
github.com/huberts90/restful-api/internal/storage/mocks/mock_Storer.go:131.19,132.52 1 0
github.com/huberts90/restful-api/internal/storage/mocks/mock_Storer.go:135.2,136.67 2 0
github.com/huberts90/restful-api/internal/storage/mocks/mock_Storer.go:136.67,138.3 1 0
github.com/huberts90/restful-api/internal/storage/mocks/mock_Storer.go:138.8,140.3 1 0
github.com/huberts90/restful-api/internal/storage/mocks/mock_Storer.go:142.2,142.11 1 0
github.com/huberts90/restful-api/internal/storage/mocks/mock_Storer.go:153.104,155.2 1 0
github.com/huberts90/restful-api/internal/storage/mocks/mock_Storer.go:157.112,158.40 1 0
github.com/huberts90/restful-api/internal/storage/mocks/mock_Storer.go:158.40,160.3 1 0
github.com/huberts90/restful-api/internal/storage/mocks/mock_Storer.go:161.2,161.11 1 0
github.com/huberts90/restful-api/internal/storage/mocks/mock_Storer.go:164.85,167.2 2 0
github.com/huberts90/restful-api/internal/storage/mocks/mock_Storer.go:169.120,172.2 2 0
github.com/huberts90/restful-api/internal/storage/mocks/mock_Storer.go:175.88,178.19 2 0
github.com/huberts90/restful-api/internal/storage/mocks/mock_Storer.go:178.19,179.53 1 0
github.com/huberts90/restful-api/internal/storage/mocks/mock_Storer.go:182.2,184.83 3 0
github.com/huberts90/restful-api/internal/storage/mocks/mock_Storer.go:184.83,186.3 1 0
github.com/huberts90/restful-api/internal/storage/mocks/mock_Storer.go:187.2,187.74 1 0
github.com/huberts90/restful-api/internal/storage/mocks/mock_Storer.go:187.74,189.3 1 0
github.com/huberts90/restful-api/internal/storage/mocks/mock_Storer.go:189.8,190.24 1 0
github.com/huberts90/restful-api/internal/storage/mocks/mock_Storer.go:190.24,192.4 1 0
github.com/huberts90/restful-api/internal/storage/mocks/mock_Storer.go:195.2,195.67 1 0
github.com/huberts90/restful-api/internal/storage/mocks/mock_Storer.go:195.67,197.3 1 0
github.com/huberts90/restful-api/internal/storage/mocks/mock_Storer.go:197.8,199.3 1 0
github.com/huberts90/restful-api/internal/storage/mocks/mock_Storer.go:201.2,201.15 1 0
github.com/huberts90/restful-api/internal/storage/mocks/mock_Storer.go:212.106,214.2 1 0
github.com/huberts90/restful-api/internal/storage/mocks/mock_Storer.go:216.114,217.40 1 0
github.com/huberts90/restful-api/internal/storage/mocks/mock_Storer.go:217.40,219.3 1 0
github.com/huberts90/restful-api/internal/storage/mocks/mock_Storer.go:220.2,220.11 1 0
github.com/huberts90/restful-api/internal/storage/mocks/mock_Storer.go:223.105,226.2 2 0
github.com/huberts90/restful-api/internal/storage/mocks/mock_Storer.go:228.138,231.2 2 0
github.com/huberts90/restful-api/internal/storage/mocks/mock_Storer.go:234.106,237.19 2 0
github.com/huberts90/restful-api/internal/storage/mocks/mock_Storer.go:237.19,238.51 1 0
github.com/huberts90/restful-api/internal/storage/mocks/mock_Storer.go:241.2,244.92 4 0
github.com/huberts90/restful-api/internal/storage/mocks/mock_Storer.go:244.92,246.3 1 0
github.com/huberts90/restful-api/internal/storage/mocks/mock_Storer.go:247.2,247.78 1 0
github.com/huberts90/restful-api/internal/storage/mocks/mock_Storer.go:247.78,249.3 1 0
github.com/huberts90/restful-api/internal/storage/mocks/mock_Storer.go:249.8,250.24 1 0
github.com/huberts90/restful-api/internal/storage/mocks/mock_Storer.go:250.24,252.4 1 0
github.com/huberts90/restful-api/internal/storage/mocks/mock_Storer.go:255.2,255.68 1 0
github.com/huberts90/restful-api/internal/storage/mocks/mock_Storer.go:255.68,257.3 1 0
github.com/huberts90/restful-api/internal/storage/mocks/mock_Storer.go:257.8,259.3 1 0
github.com/huberts90/restful-api/internal/storage/mocks/mock_Storer.go:261.2,261.70 1 0
github.com/huberts90/restful-api/internal/storage/mocks/mock_Storer.go:261.70,263.3 1 0
github.com/huberts90/restful-api/internal/storage/mocks/mock_Storer.go:263.8,265.3 1 0
github.com/huberts90/restful-api/internal/storage/mocks/mock_Storer.go:267.2,267.19 1 0
github.com/huberts90/restful-api/internal/storage/mocks/mock_Storer.go:279.126,281.2 1 0
github.com/huberts90/restful-api/internal/storage/mocks/mock_Storer.go:283.124,284.40 1 0
github.com/huberts90/restful-api/internal/storage/mocks/mock_Storer.go:284.40,286.3 1 0
github.com/huberts90/restful-api/internal/storage/mocks/mock_Storer.go:287.2,287.11 1 0
github.com/huberts90/restful-api/internal/storage/mocks/mock_Storer.go:290.111,293.2 2 0
github.com/huberts90/restful-api/internal/storage/mocks/mock_Storer.go:295.143,298.2 2 0
github.com/huberts90/restful-api/internal/storage/mocks/mock_Storer.go:301.95,304.19 2 0
github.com/huberts90/restful-api/internal/storage/mocks/mock_Storer.go:304.19,305.52 1 0
github.com/huberts90/restful-api/internal/storage/mocks/mock_Storer.go:308.2,309.86 2 0
github.com/huberts90/restful-api/internal/storage/mocks/mock_Storer.go:309.86,311.3 1 0
github.com/huberts90/restful-api/internal/storage/mocks/mock_Storer.go:311.8,313.3 1 0
github.com/huberts90/restful-api/internal/storage/mocks/mock_Storer.go:315.2,315.11 1 0
github.com/huberts90/restful-api/internal/storage/mocks/mock_Storer.go:327.122,329.2 1 0
github.com/huberts90/restful-api/internal/storage/mocks/mock_Storer.go:331.136,332.40 1 0
github.com/huberts90/restful-api/internal/storage/mocks/mock_Storer.go:332.40,334.3 1 0
github.com/huberts90/restful-api/internal/storage/mocks/mock_Storer.go:335.2,335.11 1 0
github.com/huberts90/restful-api/internal/storage/mocks/mock_Storer.go:338.85,341.2 2 0
github.com/huberts90/restful-api/internal/storage/mocks/mock_Storer.go:343.139,346.2 2 0
github.com/huberts90/restful-api/internal/storage/mocks/mock_Storer.go:353.16,357.19 3 0
github.com/huberts90/restful-api/internal/storage/mocks/mock_Storer.go:357.19,357.49 1 0
github.com/huberts90/restful-api/internal/storage/mocks/mock_Storer.go:359.2,359.13 1 0
github.com/huberts90/restful-api/internal/domain/user.go:52.42,61.2 1 1
github.com/huberts90/restful-api/internal/domain/user.go:75.38,77.2 1 5
github.com/huberts90/restful-api/internal/domain/user.go:81.38,83.2 1 4
github.com/huberts90/restful-api/internal/handler/user_handler.go:25.76,30.2 1 7
github.com/huberts90/restful-api/internal/handler/user_handler.go:34.58,40.2 5 1
github.com/huberts90/restful-api/internal/handler/user_handler.go:43.74,47.68 2 3
github.com/huberts90/restful-api/internal/handler/user_handler.go:47.68,50.3 2 0
github.com/huberts90/restful-api/internal/handler/user_handler.go:52.2,52.46 1 3
github.com/huberts90/restful-api/internal/handler/user_handler.go:52.46,55.3 2 0
github.com/huberts90/restful-api/internal/handler/user_handler.go:60.2,65.16 4 3
github.com/huberts90/restful-api/internal/handler/user_handler.go:65.16,66.48 1 1
github.com/huberts90/restful-api/internal/handler/user_handler.go:66.48,69.4 2 1
github.com/huberts90/restful-api/internal/handler/user_handler.go:70.3,72.9 3 0
github.com/huberts90/restful-api/internal/handler/user_handler.go:75.2,75.81 1 2
github.com/huberts90/restful-api/internal/handler/user_handler.go:80.71,82.16 2 2
github.com/huberts90/restful-api/internal/handler/user_handler.go:82.16,85.3 2 0
github.com/huberts90/restful-api/internal/handler/user_handler.go:88.2,93.16 4 2
github.com/huberts90/restful-api/internal/handler/user_handler.go:93.16,94.46 1 1
github.com/huberts90/restful-api/internal/handler/user_handler.go:94.46,97.4 2 1
github.com/huberts90/restful-api/internal/handler/user_handler.go:98.3,100.9 3 0
github.com/huberts90/restful-api/internal/handler/user_handler.go:103.2,103.56 1 1
github.com/huberts90/restful-api/internal/handler/user_handler.go:107.74,109.16 2 1
github.com/huberts90/restful-api/internal/handler/user_handler.go:109.16,112.3 2 0
github.com/huberts90/restful-api/internal/handler/user_handler.go:115.2,116.68 2 1
github.com/huberts90/restful-api/internal/handler/user_handler.go:116.68,119.3 2 0
github.com/huberts90/restful-api/internal/handler/user_handler.go:121.2,121.46 1 1
github.com/huberts90/restful-api/internal/handler/user_handler.go:121.46,124.3 2 0
github.com/huberts90/restful-api/internal/handler/user_handler.go:127.2,132.16 4 1
github.com/huberts90/restful-api/internal/handler/user_handler.go:132.16,133.46 1 0
github.com/huberts90/restful-api/internal/handler/user_handler.go:133.46,136.4 2 0
github.com/huberts90/restful-api/internal/handler/user_handler.go:137.3,137.48 1 0
github.com/huberts90/restful-api/internal/handler/user_handler.go:137.48,140.4 2 0
github.com/huberts90/restful-api/internal/handler/user_handler.go:142.3,144.9 3 0
github.com/huberts90/restful-api/internal/handler/user_handler.go:147.2,147.41 1 1
github.com/huberts90/restful-api/internal/handler/user_handler.go:151.74,153.16 2 1
github.com/huberts90/restful-api/internal/handler/user_handler.go:153.16,156.3 2 0
github.com/huberts90/restful-api/internal/handler/user_handler.go:159.2,163.52 3 1
github.com/huberts90/restful-api/internal/handler/user_handler.go:163.52,164.46 1 0
github.com/huberts90/restful-api/internal/handler/user_handler.go:164.46,167.4 2 0
github.com/huberts90/restful-api/internal/handler/user_handler.go:168.3,170.9 3 0
github.com/huberts90/restful-api/internal/handler/user_handler.go:173.2,173.37 1 1
github.com/huberts90/restful-api/internal/handler/user_handler.go:178.73,181.29 2 1
github.com/huberts90/restful-api/internal/handler/user_handler.go:181.29,183.3 1 0
github.com/huberts90/restful-api/internal/handler/user_handler.go:185.2,186.51 2 1
github.com/huberts90/restful-api/internal/handler/user_handler.go:186.51,188.3 1 0
github.com/huberts90/restful-api/internal/handler/user_handler.go:191.2,196.16 4 1
github.com/huberts90/restful-api/internal/handler/user_handler.go:196.16,200.3 3 0
github.com/huberts90/restful-api/internal/handler/user_handler.go:203.2,204.28 2 1
github.com/huberts90/restful-api/internal/handler/user_handler.go:204.28,206.3 1 2
github.com/huberts90/restful-api/internal/handler/user_handler.go:209.2,210.20 2 1
github.com/huberts90/restful-api/internal/handler/user_handler.go:210.20,212.3 1 0
github.com/huberts90/restful-api/internal/handler/user_handler.go:214.2,222.47 2 1
github.com/huberts90/restful-api/internal/handler/user_handler.go:226.93,228.16 2 7
github.com/huberts90/restful-api/internal/handler/user_handler.go:228.16,232.3 3 0
github.com/huberts90/restful-api/internal/handler/user_handler.go:234.2,236.44 3 7
github.com/huberts90/restful-api/internal/handler/user_handler.go:236.44,238.3 1 0
github.com/huberts90/restful-api/internal/handler/user_handler.go:243.89,245.2 1 2
github.com/huberts90/restful-api/internal/handler/user_handler.go:249.93,251.2 1 4
github.com/huberts90/restful-api/internal/handler/user_handler.go:255.70,258.27 3 4
github.com/huberts90/restful-api/internal/handler/user_handler.go:258.27,260.3 1 0
github.com/huberts90/restful-api/internal/handler/user_handler.go:261.2,261.16 1 4
github.com/huberts90/restful-api/internal/logger/logger.go:10.56,13.18 2 0
github.com/huberts90/restful-api/internal/logger/logger.go:13.18,17.3 3 0
github.com/huberts90/restful-api/internal/logger/logger.go:17.8,20.3 2 0
github.com/huberts90/restful-api/internal/logger/logger.go:22.2,22.23 1 0
github.com/huberts90/restful-api/internal/logger/logger.go:27.34,29.2 1 6
github.com/huberts90/restful-api/internal/storage/mocks/mock_Storer.go:21.53,23.2 1 0
github.com/huberts90/restful-api/internal/storage/mocks/mock_Storer.go:26.37,29.19 2 0
github.com/huberts90/restful-api/internal/storage/mocks/mock_Storer.go:29.19,30.47 1 0
github.com/huberts90/restful-api/internal/storage/mocks/mock_Storer.go:33.2,34.45 2 0
github.com/huberts90/restful-api/internal/storage/mocks/mock_Storer.go:34.45,36.3 1 0
github.com/huberts90/restful-api/internal/storage/mocks/mock_Storer.go:36.8,38.3 1 0
github.com/huberts90/restful-api/internal/storage/mocks/mock_Storer.go:40.2,40.11 1 0
github.com/huberts90/restful-api/internal/storage/mocks/mock_Storer.go:49.63,51.2 1 0
github.com/huberts90/restful-api/internal/storage/mocks/mock_Storer.go:53.73,54.40 1 0
github.com/huberts90/restful-api/internal/storage/mocks/mock_Storer.go:54.40,56.3 1 0
github.com/huberts90/restful-api/internal/storage/mocks/mock_Storer.go:57.2,57.11 1 0
github.com/huberts90/restful-api/internal/storage/mocks/mock_Storer.go:60.75,63.2 2 0
github.com/huberts90/restful-api/internal/storage/mocks/mock_Storer.go:65.88,68.2 2 0
github.com/huberts90/restful-api/internal/storage/mocks/mock_Storer.go:71.94,74.19 2 1
github.com/huberts90/restful-api/internal/storage/mocks/mock_Storer.go:74.19,75.52 1 0
github.com/huberts90/restful-api/internal/storage/mocks/mock_Storer.go:78.2,80.88 3 1
github.com/huberts90/restful-api/internal/storage/mocks/mock_Storer.go:80.88,82.3 1 0
github.com/huberts90/restful-api/internal/storage/mocks/mock_Storer.go:83.2,83.79 1 1
github.com/huberts90/restful-api/internal/storage/mocks/mock_Storer.go:83.79,85.3 1 0
github.com/huberts90/restful-api/internal/storage/mocks/mock_Storer.go:85.8,87.3 1 1
github.com/huberts90/restful-api/internal/storage/mocks/mock_Storer.go:89.2,89.79 1 1
github.com/huberts90/restful-api/internal/storage/mocks/mock_Storer.go:89.79,91.3 1 0
github.com/huberts90/restful-api/internal/storage/mocks/mock_Storer.go:91.8,93.3 1 1
github.com/huberts90/restful-api/internal/storage/mocks/mock_Storer.go:95.2,95.15 1 1
github.com/huberts90/restful-api/internal/storage/mocks/mock_Storer.go:106.106,108.2 1 0
github.com/huberts90/restful-api/internal/storage/mocks/mock_Storer.go:110.126,111.40 1 0
github.com/huberts90/restful-api/internal/storage/mocks/mock_Storer.go:111.40,113.3 1 0
github.com/huberts90/restful-api/internal/storage/mocks/mock_Storer.go:114.2,114.11 1 0
github.com/huberts90/restful-api/internal/storage/mocks/mock_Storer.go:117.96,120.2 2 0
github.com/huberts90/restful-api/internal/storage/mocks/mock_Storer.go:122.141,125.2 2 0
github.com/huberts90/restful-api/internal/storage/mocks/mock_Storer.go:128.71,131.19 2 1
github.com/huberts90/restful-api/internal/storage/mocks/mock_Storer.go:131.19,132.52 1 0
github.com/huberts90/restful-api/internal/storage/mocks/mock_Storer.go:135.2,136.67 2 1
github.com/huberts90/restful-api/internal/storage/mocks/mock_Storer.go:136.67,138.3 1 0
github.com/huberts90/restful-api/internal/storage/mocks/mock_Storer.go:138.8,140.3 1 1
github.com/huberts90/restful-api/internal/storage/mocks/mock_Storer.go:142.2,142.11 1 1
github.com/huberts90/restful-api/internal/storage/mocks/mock_Storer.go:153.104,155.2 1 0
github.com/huberts90/restful-api/internal/storage/mocks/mock_Storer.go:157.112,158.40 1 0
github.com/huberts90/restful-api/internal/storage/mocks/mock_Storer.go:158.40,160.3 1 0
github.com/huberts90/restful-api/internal/storage/mocks/mock_Storer.go:161.2,161.11 1 0
github.com/huberts90/restful-api/internal/storage/mocks/mock_Storer.go:164.85,167.2 2 0
github.com/huberts90/restful-api/internal/storage/mocks/mock_Storer.go:169.120,172.2 2 0
github.com/huberts90/restful-api/internal/storage/mocks/mock_Storer.go:175.88,178.19 2 2
github.com/huberts90/restful-api/internal/storage/mocks/mock_Storer.go:178.19,179.53 1 0
github.com/huberts90/restful-api/internal/storage/mocks/mock_Storer.go:182.2,184.83 3 2
github.com/huberts90/restful-api/internal/storage/mocks/mock_Storer.go:184.83,186.3 1 0
github.com/huberts90/restful-api/internal/storage/mocks/mock_Storer.go:187.2,187.74 1 2
github.com/huberts90/restful-api/internal/storage/mocks/mock_Storer.go:187.74,189.3 1 0
github.com/huberts90/restful-api/internal/storage/mocks/mock_Storer.go:189.8,190.24 1 2
github.com/huberts90/restful-api/internal/storage/mocks/mock_Storer.go:190.24,192.4 1 1
github.com/huberts90/restful-api/internal/storage/mocks/mock_Storer.go:195.2,195.67 1 2
github.com/huberts90/restful-api/internal/storage/mocks/mock_Storer.go:195.67,197.3 1 0
github.com/huberts90/restful-api/internal/storage/mocks/mock_Storer.go:197.8,199.3 1 2
github.com/huberts90/restful-api/internal/storage/mocks/mock_Storer.go:201.2,201.15 1 2
github.com/huberts90/restful-api/internal/storage/mocks/mock_Storer.go:212.106,214.2 1 0
github.com/huberts90/restful-api/internal/storage/mocks/mock_Storer.go:216.114,217.40 1 0
github.com/huberts90/restful-api/internal/storage/mocks/mock_Storer.go:217.40,219.3 1 0
github.com/huberts90/restful-api/internal/storage/mocks/mock_Storer.go:220.2,220.11 1 0
github.com/huberts90/restful-api/internal/storage/mocks/mock_Storer.go:223.105,226.2 2 0
github.com/huberts90/restful-api/internal/storage/mocks/mock_Storer.go:228.138,231.2 2 0
github.com/huberts90/restful-api/internal/storage/mocks/mock_Storer.go:234.106,237.19 2 1
github.com/huberts90/restful-api/internal/storage/mocks/mock_Storer.go:237.19,238.51 1 0
github.com/huberts90/restful-api/internal/storage/mocks/mock_Storer.go:241.2,244.92 4 1
github.com/huberts90/restful-api/internal/storage/mocks/mock_Storer.go:244.92,246.3 1 0
github.com/huberts90/restful-api/internal/storage/mocks/mock_Storer.go:247.2,247.78 1 1
github.com/huberts90/restful-api/internal/storage/mocks/mock_Storer.go:247.78,249.3 1 0
github.com/huberts90/restful-api/internal/storage/mocks/mock_Storer.go:249.8,250.24 1 1
github.com/huberts90/restful-api/internal/storage/mocks/mock_Storer.go:250.24,252.4 1 1
github.com/huberts90/restful-api/internal/storage/mocks/mock_Storer.go:255.2,255.68 1 1
github.com/huberts90/restful-api/internal/storage/mocks/mock_Storer.go:255.68,257.3 1 0
github.com/huberts90/restful-api/internal/storage/mocks/mock_Storer.go:257.8,259.3 1 1
github.com/huberts90/restful-api/internal/storage/mocks/mock_Storer.go:261.2,261.70 1 1
github.com/huberts90/restful-api/internal/storage/mocks/mock_Storer.go:261.70,263.3 1 0
github.com/huberts90/restful-api/internal/storage/mocks/mock_Storer.go:263.8,265.3 1 1
github.com/huberts90/restful-api/internal/storage/mocks/mock_Storer.go:267.2,267.19 1 1
github.com/huberts90/restful-api/internal/storage/mocks/mock_Storer.go:279.126,281.2 1 0
github.com/huberts90/restful-api/internal/storage/mocks/mock_Storer.go:283.124,284.40 1 0
github.com/huberts90/restful-api/internal/storage/mocks/mock_Storer.go:284.40,286.3 1 0
github.com/huberts90/restful-api/internal/storage/mocks/mock_Storer.go:287.2,287.11 1 0
github.com/huberts90/restful-api/internal/storage/mocks/mock_Storer.go:290.111,293.2 2 0
github.com/huberts90/restful-api/internal/storage/mocks/mock_Storer.go:295.143,298.2 2 0
github.com/huberts90/restful-api/internal/storage/mocks/mock_Storer.go:301.95,304.19 2 1
github.com/huberts90/restful-api/internal/storage/mocks/mock_Storer.go:304.19,305.52 1 0
github.com/huberts90/restful-api/internal/storage/mocks/mock_Storer.go:308.2,309.86 2 1
github.com/huberts90/restful-api/internal/storage/mocks/mock_Storer.go:309.86,311.3 1 0
github.com/huberts90/restful-api/internal/storage/mocks/mock_Storer.go:311.8,313.3 1 1
github.com/huberts90/restful-api/internal/storage/mocks/mock_Storer.go:315.2,315.11 1 1
github.com/huberts90/restful-api/internal/storage/mocks/mock_Storer.go:327.122,329.2 1 0
github.com/huberts90/restful-api/internal/storage/mocks/mock_Storer.go:331.136,332.40 1 0
github.com/huberts90/restful-api/internal/storage/mocks/mock_Storer.go:332.40,334.3 1 0
github.com/huberts90/restful-api/internal/storage/mocks/mock_Storer.go:335.2,335.11 1 0
github.com/huberts90/restful-api/internal/storage/mocks/mock_Storer.go:338.85,341.2 2 0
github.com/huberts90/restful-api/internal/storage/mocks/mock_Storer.go:343.139,346.2 2 0
github.com/huberts90/restful-api/internal/storage/mocks/mock_Storer.go:353.16,357.19 3 6
github.com/huberts90/restful-api/internal/storage/mocks/mock_Storer.go:357.19,357.49 1 6
github.com/huberts90/restful-api/internal/storage/mocks/mock_Storer.go:359.2,359.13 1 6
github.com/huberts90/restful-api/internal/storage/postgres.go:41.87,48.16 3 0
github.com/huberts90/restful-api/internal/storage/postgres.go:48.16,50.3 1 0
github.com/huberts90/restful-api/internal/storage/postgres.go:53.2,56.44 3 0
github.com/huberts90/restful-api/internal/storage/postgres.go:56.44,58.16 1 0
github.com/huberts90/restful-api/internal/storage/postgres.go:58.16,59.47 1 0
github.com/huberts90/restful-api/internal/storage/postgres.go:59.47,61.5 1 0
github.com/huberts90/restful-api/internal/storage/postgres.go:63.3,63.61 1 0
github.com/huberts90/restful-api/internal/storage/postgres.go:66.2,69.8 1 0
github.com/huberts90/restful-api/internal/storage/postgres.go:73.39,75.2 1 0
github.com/huberts90/restful-api/internal/storage/postgres.go:78.87,82.102 3 2
github.com/huberts90/restful-api/internal/storage/postgres.go:82.102,84.3 1 1
github.com/huberts90/restful-api/internal/storage/postgres.go:87.2,87.35 1 1
github.com/huberts90/restful-api/internal/storage/postgres.go:87.35,89.3 1 1
github.com/huberts90/restful-api/internal/storage/postgres.go:92.2,96.55 3 0
github.com/huberts90/restful-api/internal/storage/postgres.go:100.98,105.16 2 1
github.com/huberts90/restful-api/internal/storage/postgres.go:105.16,107.3 1 0
github.com/huberts90/restful-api/internal/storage/postgres.go:108.2,108.15 1 1
github.com/huberts90/restful-api/internal/storage/postgres.go:108.15,110.43 1 1
github.com/huberts90/restful-api/internal/storage/postgres.go:110.43,112.4 1 1
github.com/huberts90/restful-api/internal/storage/postgres.go:115.2,115.31 1 1
github.com/huberts90/restful-api/internal/storage/postgres.go:115.31,117.3 1 0
github.com/huberts90/restful-api/internal/storage/postgres.go:119.2,119.36 1 1
github.com/huberts90/restful-api/internal/storage/postgres.go:119.36,121.3 1 0
github.com/huberts90/restful-api/internal/storage/postgres.go:123.2,123.12 1 1
github.com/huberts90/restful-api/internal/storage/postgres.go:127.101,137.16 3 4
github.com/huberts90/restful-api/internal/storage/postgres.go:137.16,139.3 1 1
github.com/huberts90/restful-api/internal/storage/postgres.go:140.2,140.18 1 3
github.com/huberts90/restful-api/internal/storage/postgres.go:144.102,156.16 4 2
github.com/huberts90/restful-api/internal/storage/postgres.go:156.16,158.3 1 1
github.com/huberts90/restful-api/internal/storage/postgres.go:160.2,160.20 1 1
github.com/huberts90/restful-api/internal/storage/postgres.go:164.90,165.13 1 3
github.com/huberts90/restful-api/internal/storage/postgres.go:165.13,167.3 1 1
github.com/huberts90/restful-api/internal/storage/postgres.go:169.2,171.16 3 2
github.com/huberts90/restful-api/internal/storage/postgres.go:171.16,173.3 1 1
github.com/huberts90/restful-api/internal/storage/postgres.go:175.2,175.18 1 1
github.com/huberts90/restful-api/internal/storage/postgres.go:179.106,184.28 4 1
github.com/huberts90/restful-api/internal/storage/postgres.go:184.28,188.3 3 1
github.com/huberts90/restful-api/internal/storage/postgres.go:189.2,189.32 1 1
github.com/huberts90/restful-api/internal/storage/postgres.go:189.32,193.3 3 0
github.com/huberts90/restful-api/internal/storage/postgres.go:194.2,194.31 1 1
github.com/huberts90/restful-api/internal/storage/postgres.go:194.31,198.3 3 0
github.com/huberts90/restful-api/internal/storage/postgres.go:200.2,205.20 4 1
github.com/huberts90/restful-api/internal/storage/postgres.go:209.103,210.13 1 2
github.com/huberts90/restful-api/internal/storage/postgres.go:210.13,212.3 1 1
github.com/huberts90/restful-api/internal/storage/postgres.go:215.2,218.16 4 1
github.com/huberts90/restful-api/internal/storage/postgres.go:218.16,220.3 1 0
github.com/huberts90/restful-api/internal/storage/postgres.go:222.2,223.16 2 1
github.com/huberts90/restful-api/internal/storage/postgres.go:223.16,225.3 1 0
github.com/huberts90/restful-api/internal/storage/postgres.go:227.2,227.23 1 1
github.com/huberts90/restful-api/internal/storage/postgres.go:227.23,229.3 1 1
github.com/huberts90/restful-api/internal/storage/postgres.go:231.2,231.12 1 0
github.com/huberts90/restful-api/internal/storage/postgres.go:235.73,236.13 1 3
github.com/huberts90/restful-api/internal/storage/postgres.go:236.13,238.3 1 1
github.com/huberts90/restful-api/internal/storage/postgres.go:240.2,241.16 2 2
github.com/huberts90/restful-api/internal/storage/postgres.go:241.16,243.3 1 0
github.com/huberts90/restful-api/internal/storage/postgres.go:245.2,246.16 2 2
github.com/huberts90/restful-api/internal/storage/postgres.go:246.16,248.3 1 0
github.com/huberts90/restful-api/internal/storage/postgres.go:250.2,250.23 1 2
github.com/huberts90/restful-api/internal/storage/postgres.go:250.23,252.3 1 1
github.com/huberts90/restful-api/internal/storage/postgres.go:254.2,254.12 1 1
github.com/huberts90/restful-api/internal/storage/postgres.go:258.104,259.14 1 3
github.com/huberts90/restful-api/internal/storage/postgres.go:259.14,261.3 1 1
github.com/huberts90/restful-api/internal/storage/postgres.go:262.2,262.36 1 2
github.com/huberts90/restful-api/internal/storage/postgres.go:262.36,264.3 1 1
github.com/huberts90/restful-api/internal/storage/postgres.go:266.2,269.52 3 1
github.com/huberts90/restful-api/internal/storage/postgres.go:269.52,272.17 2 1
github.com/huberts90/restful-api/internal/storage/postgres.go:272.17,274.4 1 0
github.com/huberts90/restful-api/internal/storage/postgres.go:277.3,279.17 3 1
github.com/huberts90/restful-api/internal/storage/postgres.go:279.17,281.4 1 0
github.com/huberts90/restful-api/internal/storage/postgres.go:282.3,285.19 3 1
github.com/huberts90/restful-api/internal/storage/postgres.go:285.19,287.18 2 2
github.com/huberts90/restful-api/internal/storage/postgres.go:287.18,289.5 1 0
github.com/huberts90/restful-api/internal/storage/postgres.go:290.4,290.32 1 2
github.com/huberts90/restful-api/internal/storage/postgres.go:293.3,293.35 1 1
github.com/huberts90/restful-api/internal/storage/postgres.go:293.35,295.4 1 0
github.com/huberts90/restful-api/internal/storage/postgres.go:297.3,297.13 1 1
github.com/huberts90/restful-api/internal/storage/postgres.go:300.2,300.16 1 1
github.com/huberts90/restful-api/internal/storage/postgres.go:300.16,302.3 1 0
github.com/huberts90/restful-api/internal/storage/postgres.go:304.2,304.31 1 1
